<?xml version="1.0" encoding="UTF-8"?>
<!-- Generated by org.testng.reporters.JUnitReportReporter -->
<testsuite hostname="DESKTOP-L9JMAV8" failures="0" tests="5" name="firstproject.mytestcase" time="٢.٢٧٤" errors="0" timestamp="٢٠٢٥-٠٧-٠١T١٤:٢٣:٢٠ EET" skipped="0">
  <testcase classname="firstproject.mytestcase" name="login" time="٠.٢٧٢"/>
  <testcase classname="firstproject.mytestcase" name="addToCart" time="٠.٠٩٦"/>
  <testcase classname="firstproject.mytestcase" name="removeFromeToCart" time="٠.٠٧١"/>
  <testcase classname="firstproject.mytestcase" name="checkout" time="٠.٧٣٠"/>
  <testcase classname="firstproject.mytestcase" name="logout" time="١.١٠٥"/>
</testsuite> <!-- firstproject.mytestcase -->
