<?xml version="1.0" encoding="UTF-8"?>
<!-- Generated by org.testng.reporters.JUnitReportReporter -->
<testsuite hostname="DESKTOP-L9JMAV8" failures="0" tests="2" name="firstproject.practice" time="0.288" errors="0" timestamp="2025-07-10T17:54:32 EET" skipped="0">
  <testcase classname="firstproject.practice" name="login" time="0.191"/>
  <testcase classname="firstproject.practice" name="AddItems" time="0.097"/>
</testsuite> <!-- firstproject.practice -->
